Using pre-set license
Built from '2020.3/staging' branch; Version is '2020.3.17f1 (a4537701e4ab) revision 10769271'; Using compiler version '192528614'; Build Type 'Release'
OS: 'Windows 10 Home; OS build 19042.1237; Version 2009; 64bit' Language: 'en' Physical Memory: 8040 MB
BatchMode: 1, IsHumanControllingUs: 0, StartBugReporterOnCrash: 0, Is64bit: 1, IsPro: 0

COMMAND LINE ARGUMENTS:
C:\Program Files\Unity\Hub\Editor\2020.3.17f1\Editor\Unity.exe
-adb2
-batchMode
-noUpm
-name
AssetImportWorker0
-projectPath
D:/nedar/Set Dressing
-logFile
Logs/AssetImportWorker0.log
-srvPort
51090
Successfully changed project path to: D:/nedar/Set Dressing
D:/nedar/Set Dressing
Using Asset Import Pipeline V2.
Refreshing native plugins compatible for Editor in 36.83 ms, found 2 plugins.
Preloading 0 native plugins for Editor in 0.00 ms.
Initialize engine version: 2020.3.17f1 (a4537701e4ab)
[Subsystems] Discovering subsystems at path C:/Program Files/Unity/Hub/Editor/2020.3.17f1/Editor/Data/Resources/UnitySubsystems
[Subsystems] Discovering subsystems at path D:/nedar/Set Dressing/Assets
GfxDevice: creating device client; threaded=0
Direct3D:
    Version:  Direct3D 11.0 [level 11.1]
    Renderer: NVIDIA GeForce GTX 1650 (ID=0x1f91)
    Vendor:   
    VRAM:     3962 MB
    Driver:   27.21.14.5167
Initialize mono
Mono path[0] = 'C:/Program Files/Unity/Hub/Editor/2020.3.17f1/Editor/Data/Managed'
Mono path[1] = 'C:/Program Files/Unity/Hub/Editor/2020.3.17f1/Editor/Data/MonoBleedingEdge/lib/mono/unityjit'
Mono config path = 'C:/Program Files/Unity/Hub/Editor/2020.3.17f1/Editor/Data/MonoBleedingEdge/etc'
Using monoOptions --debugger-agent=transport=dt_socket,embedding=1,server=y,suspend=n,address=127.0.0.1:56608
Begin MonoManager ReloadAssembly
Registering precompiled unity dll's ...
Register platform support module: C:/Program Files/Unity/Hub/Editor/2020.3.17f1/Editor/Data/PlaybackEngines/WindowsStandaloneSupport/UnityEditor.WindowsStandalone.Extensions.dll
Registered in 0.002239 seconds.
Native extension for WindowsStandalone target not found
Refreshing native plugins compatible for Editor in 35.04 ms, found 2 plugins.
Preloading 0 native plugins for Editor in 0.00 ms.
Mono: successfully reloaded assembly
- Completed reload, in  1.064 seconds
Domain Reload Profiling:
	ReloadAssembly (1064ms)
		BeginReloadAssembly (52ms)
			ExecutionOrderSort (0ms)
			DisableScriptedObjects (0ms)
			BackupInstance (0ms)
			ReleaseScriptingObjects (0ms)
			CreateAndSetChildDomain (1ms)
		EndReloadAssembly (377ms)
			LoadAssemblies (50ms)
			RebuildTransferFunctionScriptingTraits (0ms)
			SetupTypeCache (140ms)
			ReleaseScriptCaches (0ms)
			RebuildScriptCaches (29ms)
			SetupLoadedEditorAssemblies (144ms)
				LogAssemblyErrors (0ms)
				InitializePlatformSupportModulesInManaged (4ms)
				SetLoadedEditorAssemblies (0ms)
				RefreshPlugins (35ms)
				BeforeProcessingInitializeOnLoad (8ms)
				ProcessInitializeOnLoadAttributes (72ms)
				ProcessInitializeOnLoadMethodAttributes (26ms)
				AfterProcessingInitializeOnLoad (0ms)
				EditorAssembliesLoaded (0ms)
			ExecutionOrderSort2 (0ms)
			AwakeInstancesAfterBackupRestoration (0ms)
Platform modules already initialized, skipping
Registering precompiled user dll's ...
Registered in 0.003754 seconds.
Begin MonoManager ReloadAssembly
Native extension for WindowsStandalone target not found
Refreshing native plugins compatible for Editor in 0.49 ms, found 2 plugins.
Preloading 0 native plugins for Editor in 0.00 ms.
Mono: successfully reloaded assembly
- Completed reload, in  0.985 seconds
Domain Reload Profiling:
	ReloadAssembly (986ms)
		BeginReloadAssembly (136ms)
			ExecutionOrderSort (0ms)
			DisableScriptedObjects (4ms)
			BackupInstance (0ms)
			ReleaseScriptingObjects (0ms)
			CreateAndSetChildDomain (17ms)
		EndReloadAssembly (793ms)
			LoadAssemblies (84ms)
			RebuildTransferFunctionScriptingTraits (0ms)
			SetupTypeCache (246ms)
			ReleaseScriptCaches (0ms)
			RebuildScriptCaches (41ms)
			SetupLoadedEditorAssemblies (343ms)
				LogAssemblyErrors (0ms)
				InitializePlatformSupportModulesInManaged (4ms)
				SetLoadedEditorAssemblies (0ms)
				RefreshPlugins (1ms)
				BeforeProcessingInitializeOnLoad (55ms)
				ProcessInitializeOnLoadAttributes (271ms)
				ProcessInitializeOnLoadMethodAttributes (4ms)
				AfterProcessingInitializeOnLoad (7ms)
				EditorAssembliesLoaded (0ms)
			ExecutionOrderSort2 (0ms)
			AwakeInstancesAfterBackupRestoration (6ms)
Platform modules already initialized, skipping
========================================================================
Worker process is ready to serve import requests
Launched and connected shader compiler UnityShaderCompiler.exe after 0.08 seconds
Refreshing native plugins compatible for Editor in 0.38 ms, found 2 plugins.
Preloading 0 native plugins for Editor in 0.00 ms.
Unloading 1816 Unused Serialized files (Serialized files now loaded: 0)
System memory in use before: 91.0 MB.
System memory in use after: 91.0 MB.

Unloading 18 unused Assets to reduce memory usage. Loaded Objects now: 2270.
Total: 2.880500 ms (FindLiveObjects: 0.156100 ms CreateObjectMapping: 0.077500 ms MarkObjects: 2.554100 ms  DeleteObjects: 0.092100 ms)

AssetImportParameters requested are different than current active one (requested -> active):
  custom:framework-win-MediaFoundation: 216162199b28c13a410421893ffa2e32 -> 
  custom:video-decoder-ogg-theora: a1e56fd34408186e4bbccfd4996cb3dc -> 
  custom:container-muxer-webm: aa71ff27fc2769a1b78a27578f13a17b -> 
  custom:container-demuxer-webm: 4f35f7cbe854078d1ac9338744f61a02 -> 
  custom:container-demuxer-ogg: 62fdf1f143b41e24485cea50d1cbac27 -> 
  custom:video-encoder-webm-vp8: eb34c28f22e8b96e1ab97ce403110664 -> 
  custom:video-decoder-webm-vp8: 9c59270c3fd7afecdb556c50c9e8de78 -> 
  custom:audio-decoder-ogg-vorbis: bf7c407c2cedff20999df2af8eb42d56 -> 
  custom:audio-encoder-webm-vorbis: bf7c407c2cedff20999df2af8eb42d56 -> 
========================================================================
Received Import Request.
  path: Assets/Models/Lowpoly Flowers/Materials/blinn16.mat
  artifactKey: Guid(2b1d50fbc808a294b9864b393c9de656) Importer(815301076,1909f56bfc062723c751e8b465ee728b)
Start importing Assets/Models/Lowpoly Flowers/Materials/blinn16.mat using Guid(2b1d50fbc808a294b9864b393c9de656) Importer(815301076,1909f56bfc062723c751e8b465ee728b)  -> (artifact id: '2160f1811cfbc9c12775b05f59273d5e') in 0.158352 seconds 
  Import took 0.331994 seconds .

========================================================================
Received Import Request.
  Time since last request: 0.000369 seconds.
  path: Assets/Models/Lowpoly Flowers/Materials/blinn1.mat
  artifactKey: Guid(c47f8ff5696bae54a90e10f2949e9cd5) Importer(815301076,1909f56bfc062723c751e8b465ee728b)
Start importing Assets/Models/Lowpoly Flowers/Materials/blinn1.mat using Guid(c47f8ff5696bae54a90e10f2949e9cd5) Importer(815301076,1909f56bfc062723c751e8b465ee728b)  -> (artifact id: '3a44e5750f8d01b4452a65aa85c23e7e') in 0.019140 seconds 
  Import took 0.054719 seconds .

========================================================================
Received Import Request.
  Time since last request: 0.000402 seconds.
  path: Assets/Models/Lowpoly Flowers/Materials/blinn13.mat
  artifactKey: Guid(84f3a21d510a57b4fab04043a2e5f977) Importer(815301076,1909f56bfc062723c751e8b465ee728b)
Start importing Assets/Models/Lowpoly Flowers/Materials/blinn13.mat using Guid(84f3a21d510a57b4fab04043a2e5f977) Importer(815301076,1909f56bfc062723c751e8b465ee728b)  -> (artifact id: 'c2df8b3650e469cda6148737a3186742') in 0.047491 seconds 
  Import took 0.139786 seconds .

========================================================================
Received Import Request.
  Time since last request: 0.000376 seconds.
  path: Assets/Models/Lowpoly Flowers/Materials/blinn14.mat
  artifactKey: Guid(b7c6500f2320cde48987afd502d15557) Importer(815301076,1909f56bfc062723c751e8b465ee728b)
Start importing Assets/Models/Lowpoly Flowers/Materials/blinn14.mat using Guid(b7c6500f2320cde48987afd502d15557) Importer(815301076,1909f56bfc062723c751e8b465ee728b)  -> (artifact id: '039cfd933acf99d18fe2ed320f4d0bb5') in 0.065068 seconds 
  Import took 0.121117 seconds .

========================================================================
Received Import Request.
  Time since last request: 0.000376 seconds.
  path: Assets/Models/Lowpoly Flowers/Materials/blinn12.mat
  artifactKey: Guid(c871a75f05c689c449806d809c5a7a25) Importer(815301076,1909f56bfc062723c751e8b465ee728b)
Start importing Assets/Models/Lowpoly Flowers/Materials/blinn12.mat using Guid(c871a75f05c689c449806d809c5a7a25) Importer(815301076,1909f56bfc062723c751e8b465ee728b)  -> (artifact id: 'b6814dc817684cbc07fa87c8baafb703') in 0.013626 seconds 
  Import took 0.098056 seconds .

========================================================================
Received Import Request.
  Time since last request: 0.000384 seconds.
  path: Assets/Models/Lowpoly Flowers/Materials/blinn18.mat
  artifactKey: Guid(c352ea13210a31f48922e535c253d8de) Importer(815301076,1909f56bfc062723c751e8b465ee728b)
Start importing Assets/Models/Lowpoly Flowers/Materials/blinn18.mat using Guid(c352ea13210a31f48922e535c253d8de) Importer(815301076,1909f56bfc062723c751e8b465ee728b)  -> (artifact id: '1d385d451a0d1d6fe1c1f06e7b6711f0') in 0.013708 seconds 
  Import took 0.053660 seconds .

========================================================================
Received Import Request.
  Time since last request: 0.000383 seconds.
  path: Assets/Models/Lowpoly Flowers/Materials/blinn20.mat
  artifactKey: Guid(273869d15675afa4295cf832e967c3a2) Importer(815301076,1909f56bfc062723c751e8b465ee728b)
Start importing Assets/Models/Lowpoly Flowers/Materials/blinn20.mat using Guid(273869d15675afa4295cf832e967c3a2) Importer(815301076,1909f56bfc062723c751e8b465ee728b)  -> (artifact id: '339172d2e0591284d98fcc43b7516731') in 0.013072 seconds 
  Import took 0.058924 seconds .

========================================================================
Received Import Request.
  Time since last request: 0.000396 seconds.
  path: Assets/Models/Lowpoly Flowers/Materials/blinn15.mat
  artifactKey: Guid(85fb7ee31c847b74fa91ed2e43ab856f) Importer(815301076,1909f56bfc062723c751e8b465ee728b)
Start importing Assets/Models/Lowpoly Flowers/Materials/blinn15.mat using Guid(85fb7ee31c847b74fa91ed2e43ab856f) Importer(815301076,1909f56bfc062723c751e8b465ee728b)  -> (artifact id: '00bbae7215a7436c395507c3f2667d4b') in 0.040629 seconds 
  Import took 0.082516 seconds .

========================================================================
Received Import Request.
  Time since last request: 0.000379 seconds.
  path: Assets/Models/Lowpoly Flowers/Materials/blinn22.mat
  artifactKey: Guid(4244f8c36ab691c4f84860a4a7d186a1) Importer(815301076,1909f56bfc062723c751e8b465ee728b)
Start importing Assets/Models/Lowpoly Flowers/Materials/blinn22.mat using Guid(4244f8c36ab691c4f84860a4a7d186a1) Importer(815301076,1909f56bfc062723c751e8b465ee728b)  -> (artifact id: '6f9684e967c41dd53536675b6fd9c5be') in 0.014311 seconds 
  Import took 0.057701 seconds .

========================================================================
Received Import Request.
  Time since last request: 0.000389 seconds.
  path: Assets/Models/Lowpoly Flowers/Materials/blinn19.mat
  artifactKey: Guid(f880ed3c5792f9a47ad805c0a40dd90f) Importer(815301076,1909f56bfc062723c751e8b465ee728b)
Start importing Assets/Models/Lowpoly Flowers/Materials/blinn19.mat using Guid(f880ed3c5792f9a47ad805c0a40dd90f) Importer(815301076,1909f56bfc062723c751e8b465ee728b)  -> (artifact id: '1d19b0d0be3f2ec433f202b544584a9b') in 0.027769 seconds 
  Import took 0.030526 seconds .

========================================================================
Received Import Request.
  Time since last request: 0.000417 seconds.
  path: Assets/Models/Lowpoly Flowers/Materials/blinn21.mat
  artifactKey: Guid(610d8eab62248e145a08551da327c921) Importer(815301076,1909f56bfc062723c751e8b465ee728b)
Start importing Assets/Models/Lowpoly Flowers/Materials/blinn21.mat using Guid(610d8eab62248e145a08551da327c921) Importer(815301076,1909f56bfc062723c751e8b465ee728b)  -> (artifact id: 'feb85d70c51ccc84fdfade6ab7cfea6b') in 0.015136 seconds 
  Import took 0.048754 seconds .

========================================================================
Received Import Request.
  Time since last request: 0.000403 seconds.
  path: Assets/Models/Lowpoly Flowers/Materials/blinn2.mat
  artifactKey: Guid(a2fb46031534f1f49afa38ba8ea81ee2) Importer(815301076,1909f56bfc062723c751e8b465ee728b)
Start importing Assets/Models/Lowpoly Flowers/Materials/blinn2.mat using Guid(a2fb46031534f1f49afa38ba8ea81ee2) Importer(815301076,1909f56bfc062723c751e8b465ee728b)  -> (artifact id: 'c603cc92ea3d9373a02c785fd7cb899c') in 0.012682 seconds 
  Import took 0.112236 seconds .

========================================================================
Received Import Request.
  Time since last request: 24.427051 seconds.
  path: Assets/Models/Mario Haberle Models/grass/grass.prefab
  artifactKey: Guid(e12537479555142ab89c7085e8e76723) Importer(815301076,1909f56bfc062723c751e8b465ee728b)
Start importing Assets/Models/Mario Haberle Models/grass/grass.prefab using Guid(e12537479555142ab89c7085e8e76723) Importer(815301076,1909f56bfc062723c751e8b465ee728b)  -> (artifact id: 'fefacb8518376cc6f204cdb511c208b7') in 0.175209 seconds 
  Import took 0.215204 seconds .

========================================================================
Received Import Request.
  Time since last request: 0.000372 seconds.
  path: Assets/Models/Mario Haberle Models/grass/grass_material.mat
  artifactKey: Guid(a6fca093c2ad34f41b38cbe0a90cdd32) Importer(815301076,1909f56bfc062723c751e8b465ee728b)
Start importing Assets/Models/Mario Haberle Models/grass/grass_material.mat using Guid(a6fca093c2ad34f41b38cbe0a90cdd32) Importer(815301076,1909f56bfc062723c751e8b465ee728b)  -> (artifact id: '94fae338f841762165bc06bfb1c5eb6b') in 0.027115 seconds 
  Import took 0.065226 seconds .

========================================================================
Received Import Request.
  Time since last request: 4.641816 seconds.
  path: Assets/Models/Mario Haberle Models/grass/Materials/Material.mat
  artifactKey: Guid(1dfa5916d21ea438ba0a49dd93659e15) Importer(815301076,1909f56bfc062723c751e8b465ee728b)
Start importing Assets/Models/Mario Haberle Models/grass/Materials/Material.mat using Guid(1dfa5916d21ea438ba0a49dd93659e15) Importer(815301076,1909f56bfc062723c751e8b465ee728b)  -> (artifact id: '45d1d6c9c08db33466da1d63d3a0b554') in 0.013383 seconds 
  Import took 0.049390 seconds .

========================================================================
Received Import Request.
  Time since last request: 39.571343 seconds.
  path: Assets/Models/Crates And Barrels Pack Volume 1 - Free Version/Models/Mod_BigBarrel.fbx
  artifactKey: Guid(8b85581628bc6564e85cd7162b3a6a9e) Importer(815301076,1909f56bfc062723c751e8b465ee728b)
Start importing Assets/Models/Crates And Barrels Pack Volume 1 - Free Version/Models/Mod_BigBarrel.fbx using Guid(8b85581628bc6564e85cd7162b3a6a9e) Importer(815301076,1909f56bfc062723c751e8b465ee728b)  -> (artifact id: '926e741c40925f188eee530e52390973') in 0.264514 seconds 
  Import took 0.357052 seconds .

========================================================================
Received Import Request.
  Time since last request: 0.000395 seconds.
  path: Assets/Models/Crates And Barrels Pack Volume 1 - Free Version/Models/Mod_SmallBarrel.fbx
  artifactKey: Guid(b2533a09a2f20164a91a581c4554dcb8) Importer(815301076,1909f56bfc062723c751e8b465ee728b)
Start importing Assets/Models/Crates And Barrels Pack Volume 1 - Free Version/Models/Mod_SmallBarrel.fbx using Guid(b2533a09a2f20164a91a581c4554dcb8) Importer(815301076,1909f56bfc062723c751e8b465ee728b)  -> (artifact id: '7251956e83cf2b532f2990b02f9f1dab') in 0.130655 seconds 
  Import took 0.164857 seconds .

========================================================================
Received Import Request.
  Time since last request: 0.000316 seconds.
  path: Assets/Models/Crates And Barrels Pack Volume 1 - Free Version/Models/Mod_SmallCrate02.fbx
  artifactKey: Guid(18f38c8bc57fcdb4b9642744fb2028be) Importer(815301076,1909f56bfc062723c751e8b465ee728b)
Start importing Assets/Models/Crates And Barrels Pack Volume 1 - Free Version/Models/Mod_SmallCrate02.fbx using Guid(18f38c8bc57fcdb4b9642744fb2028be) Importer(815301076,1909f56bfc062723c751e8b465ee728b)  -> (artifact id: 'c79b905173e9000c1ed2d6178666384d') in 0.023842 seconds 
  Import took 0.050683 seconds .

========================================================================
Received Import Request.
  Time since last request: 0.000347 seconds.
  path: Assets/Models/Crates And Barrels Pack Volume 1 - Free Version/Models/Mod_SmallCrate01.fbx
  artifactKey: Guid(83eacf3524c575449b8b7023211c9003) Importer(815301076,1909f56bfc062723c751e8b465ee728b)
Start importing Assets/Models/Crates And Barrels Pack Volume 1 - Free Version/Models/Mod_SmallCrate01.fbx using Guid(83eacf3524c575449b8b7023211c9003) Importer(815301076,1909f56bfc062723c751e8b465ee728b)  -> (artifact id: 'f6bfc496b0a4d1e416000c0c3ab10288') in 0.078847 seconds 
  Import took 0.117123 seconds .

========================================================================
Received Import Request.
  Time since last request: 0.000372 seconds.
  path: Assets/Models/Crates And Barrels Pack Volume 1 - Free Version/Models/Mod_BigCrate.fbx
  artifactKey: Guid(a1d8b3ce70b980645b4aa1e32dfe6e9d) Importer(815301076,1909f56bfc062723c751e8b465ee728b)
Start importing Assets/Models/Crates And Barrels Pack Volume 1 - Free Version/Models/Mod_BigCrate.fbx using Guid(a1d8b3ce70b980645b4aa1e32dfe6e9d) Importer(815301076,1909f56bfc062723c751e8b465ee728b)  -> (artifact id: '7a48f0dccf6e1698ba6ea7cbfe5a8a82') in 0.071895 seconds 
  Import took 0.106896 seconds .

========================================================================
Received Import Request.
  Time since last request: 160.519439 seconds.
  path: Assets/Materials/Concrete/TexturesCom_Grout_1K_albedo.tif
  artifactKey: Guid(777f6f024f07b934e9f7c191c5911de8) Importer(815301076,1909f56bfc062723c751e8b465ee728b)
Start importing Assets/Materials/Concrete/TexturesCom_Grout_1K_albedo.tif using Guid(777f6f024f07b934e9f7c191c5911de8) Importer(815301076,1909f56bfc062723c751e8b465ee728b)  -> (artifact id: '6c9366da313ce9bb65e733995c217ff1') in 0.032879 seconds 
  Import took 0.121983 seconds .

========================================================================
Received Import Request.
  Time since last request: 0.000390 seconds.
  path: Assets/Materials/Concrete/TexturesCom_Grout_1K_roughness.tif
  artifactKey: Guid(ddf5da7dd5fc39f449db99c57e6e218b) Importer(815301076,1909f56bfc062723c751e8b465ee728b)
Start importing Assets/Materials/Concrete/TexturesCom_Grout_1K_roughness.tif using Guid(ddf5da7dd5fc39f449db99c57e6e218b) Importer(815301076,1909f56bfc062723c751e8b465ee728b)  -> (artifact id: 'acf83e1574bee86268571bb9525d29e1') in 0.012041 seconds 
  Import took 0.114420 seconds .

========================================================================
Received Import Request.
  Time since last request: 0.000367 seconds.
  path: Assets/Materials/Concrete/TexturesCom_Grout_1K_height.tif
  artifactKey: Guid(7c790ee336dc6f5488daa47497864642) Importer(815301076,1909f56bfc062723c751e8b465ee728b)
Start importing Assets/Materials/Concrete/TexturesCom_Grout_1K_height.tif using Guid(7c790ee336dc6f5488daa47497864642) Importer(815301076,1909f56bfc062723c751e8b465ee728b)  -> (artifact id: '4d2e372b8e94823b4b292fa391c6dc5f') in 0.042322 seconds 
  Import took 0.123002 seconds .

========================================================================
Received Import Request.
  Time since last request: 0.000386 seconds.
  path: Assets/Materials/Concrete/TexturesCom_Grout_1K_normal.tif
  artifactKey: Guid(8a17893be80035e49800d97ac850f0b0) Importer(815301076,1909f56bfc062723c751e8b465ee728b)
Start importing Assets/Materials/Concrete/TexturesCom_Grout_1K_normal.tif using Guid(8a17893be80035e49800d97ac850f0b0) Importer(815301076,1909f56bfc062723c751e8b465ee728b)  -> (artifact id: '483dc7fbcbed7ba4626b873f914d4c6f') in 0.011119 seconds 
  Import took 0.094835 seconds .

========================================================================
Received Import Request.
  Time since last request: 14.132181 seconds.
  path: Assets/Materials/Concrete/Concrete.mat
  artifactKey: Guid(d24cc7707f49e4f488160d88b27c608e) Importer(815301076,1909f56bfc062723c751e8b465ee728b)
Start importing Assets/Materials/Concrete/Concrete.mat using Guid(d24cc7707f49e4f488160d88b27c608e) Importer(815301076,1909f56bfc062723c751e8b465ee728b)  -> (artifact id: '31fe6e8379eaa180828632c5b59d21f4') in 0.021174 seconds 
  Import took 0.042057 seconds .

========================================================================
Received Prepare
Registering precompiled user dll's ...
Registered in 0.003635 seconds.
Begin MonoManager ReloadAssembly
Native extension for WindowsStandalone target not found
Refreshing native plugins compatible for Editor in 0.39 ms, found 2 plugins.
Preloading 0 native plugins for Editor in 0.00 ms.
Mono: successfully reloaded assembly
- Completed reload, in  0.982 seconds
Domain Reload Profiling:
	ReloadAssembly (982ms)
		BeginReloadAssembly (119ms)
			ExecutionOrderSort (0ms)
			DisableScriptedObjects (4ms)
			BackupInstance (0ms)
			ReleaseScriptingObjects (0ms)
			CreateAndSetChildDomain (33ms)
		EndReloadAssembly (805ms)
			LoadAssemblies (86ms)
			RebuildTransferFunctionScriptingTraits (0ms)
			SetupTypeCache (237ms)
			ReleaseScriptCaches (1ms)
			RebuildScriptCaches (36ms)
			SetupLoadedEditorAssemblies (358ms)
				LogAssemblyErrors (0ms)
				InitializePlatformSupportModulesInManaged (4ms)
				SetLoadedEditorAssemblies (0ms)
				RefreshPlugins (0ms)
				BeforeProcessingInitializeOnLoad (51ms)
				ProcessInitializeOnLoadAttributes (287ms)
				ProcessInitializeOnLoadMethodAttributes (7ms)
				AfterProcessingInitializeOnLoad (8ms)
				EditorAssembliesLoaded (0ms)
			ExecutionOrderSort2 (0ms)
			AwakeInstancesAfterBackupRestoration (8ms)
Platform modules already initialized, skipping
Refreshing native plugins compatible for Editor in 0.40 ms, found 2 plugins.
Preloading 0 native plugins for Editor in 0.00 ms.
Unloading 1775 Unused Serialized files (Serialized files now loaded: 0)
System memory in use before: 90.8 MB.
System memory in use after: 90.9 MB.

Unloading 14 unused Assets to reduce memory usage. Loaded Objects now: 2316.
Total: 2.928900 ms (FindLiveObjects: 0.158300 ms CreateObjectMapping: 0.055900 ms MarkObjects: 2.690100 ms  DeleteObjects: 0.023600 ms)

AssetImportParameters requested are different than current active one (requested -> active):
  custom:framework-win-MediaFoundation: 216162199b28c13a410421893ffa2e32 -> 
  custom:video-decoder-ogg-theora: a1e56fd34408186e4bbccfd4996cb3dc -> 
  custom:container-muxer-webm: aa71ff27fc2769a1b78a27578f13a17b -> 
  custom:container-demuxer-webm: 4f35f7cbe854078d1ac9338744f61a02 -> 
  custom:container-demuxer-ogg: 62fdf1f143b41e24485cea50d1cbac27 -> 
  custom:video-encoder-webm-vp8: eb34c28f22e8b96e1ab97ce403110664 -> 
  custom:video-decoder-webm-vp8: 9c59270c3fd7afecdb556c50c9e8de78 -> 
  custom:audio-decoder-ogg-vorbis: bf7c407c2cedff20999df2af8eb42d56 -> 
  custom:audio-encoder-webm-vorbis: bf7c407c2cedff20999df2af8eb42d56 -> 
========================================================================
Received Import Request.
  Time since last request: 518.411293 seconds.
  path: Assets/Materials/Concrete/Concrete.mat
  artifactKey: Guid(d24cc7707f49e4f488160d88b27c608e) Importer(815301076,1909f56bfc062723c751e8b465ee728b)
Start importing Assets/Materials/Concrete/Concrete.mat using Guid(d24cc7707f49e4f488160d88b27c608e) Importer(815301076,1909f56bfc062723c751e8b465ee728b)  -> (artifact id: '54e9e4fbdcf1110f840d70e7ad651e82') in 0.096625 seconds 
  Import took 0.118340 seconds .

========================================================================
Received Import Request.
  Time since last request: 10.122757 seconds.
  path: Assets/Materials/Concrete/TexturesCom_Grout_1K_normal.tif
  artifactKey: Guid(8a17893be80035e49800d97ac850f0b0) Importer(815301076,1909f56bfc062723c751e8b465ee728b)
Start importing Assets/Materials/Concrete/TexturesCom_Grout_1K_normal.tif using Guid(8a17893be80035e49800d97ac850f0b0) Importer(815301076,1909f56bfc062723c751e8b465ee728b)  -> (artifact id: '63be0860470c31f4cde9bdb10021c342') in 0.021991 seconds 
  Import took 0.040145 seconds .

========================================================================
Received Import Request.
  Time since last request: 12.552002 seconds.
  path: Assets/Hand-Painted Fountain
  artifactKey: Guid(ec3e1702e26b4fd478b71bc6e8e44161) Importer(815301076,1909f56bfc062723c751e8b465ee728b)
Start importing Assets/Hand-Painted Fountain using Guid(ec3e1702e26b4fd478b71bc6e8e44161) Importer(815301076,1909f56bfc062723c751e8b465ee728b)  -> (artifact id: '0c84b9f4bea92616128b9fe89a277cea') in 0.005921 seconds 
  Import took 0.078713 seconds .

========================================================================
Received Import Request.
  Time since last request: 3.609887 seconds.
  path: Assets/Models
  artifactKey: Guid(bbe7ea242cb991041bd04b21afe33e39) Importer(815301076,1909f56bfc062723c751e8b465ee728b)
Start importing Assets/Models using Guid(bbe7ea242cb991041bd04b21afe33e39) Importer(815301076,1909f56bfc062723c751e8b465ee728b)  -> (artifact id: '59145e2e0ecd3e31b58caf68288442f8') in 0.006061 seconds 
  Import took 0.058811 seconds .

========================================================================
Received Import Request.
  Time since last request: 2.828591 seconds.
  path: Assets/Models/Lowpoly Flowers
  artifactKey: Guid(1b2ace6c13547a54aae5e7af70526b28) Importer(815301076,1909f56bfc062723c751e8b465ee728b)
Start importing Assets/Models/Lowpoly Flowers using Guid(1b2ace6c13547a54aae5e7af70526b28) Importer(815301076,1909f56bfc062723c751e8b465ee728b)  -> (artifact id: 'c8c13ad9c41ce6dd170ce83b96ae40fd') in 0.044559 seconds 
  Import took 0.073066 seconds .

========================================================================
Received Import Request.
  Time since last request: 7.150505 seconds.
  path: Assets/Models/Hand-Painted Fountain/Prefabs
  artifactKey: Guid(b757ea02870b9d74f8378fbf24f6cab4) Importer(815301076,1909f56bfc062723c751e8b465ee728b)
Start importing Assets/Models/Hand-Painted Fountain/Prefabs using Guid(b757ea02870b9d74f8378fbf24f6cab4) Importer(815301076,1909f56bfc062723c751e8b465ee728b)  -> (artifact id: '160e968ce7086d07435651540cc98657') in 0.007360 seconds 
  Import took 0.058019 seconds .

========================================================================
Received Import Request.
  Time since last request: 0.024531 seconds.
  path: Assets/Models/Hand-Painted Fountain/Prefabs/pref_Fountain.prefab
  artifactKey: Guid(3a6338093d8dd4044b2ecb013b97d071) Importer(815301076,1909f56bfc062723c751e8b465ee728b)
Start importing Assets/Models/Hand-Painted Fountain/Prefabs/pref_Fountain.prefab using Guid(3a6338093d8dd4044b2ecb013b97d071) Importer(815301076,1909f56bfc062723c751e8b465ee728b)  -> (artifact id: '5128fa5761095e6db2396aac11c53c2c') in 0.077925 seconds 
  Import took 0.140862 seconds .

========================================================================
Received Import Request.
  Time since last request: 41.436864 seconds.
  path: Assets/Models/Hand-Painted Fountain/Meshes
  artifactKey: Guid(45771aa4fe329f14b9c2acf1673d5f20) Importer(815301076,1909f56bfc062723c751e8b465ee728b)
Start importing Assets/Models/Hand-Painted Fountain/Meshes using Guid(45771aa4fe329f14b9c2acf1673d5f20) Importer(815301076,1909f56bfc062723c751e8b465ee728b)  -> (artifact id: '75b9cfd8c23f69611c33ee1eb3374fb2') in 0.005616 seconds 
  Import took 0.282670 seconds .

========================================================================
Received Import Request.
  Time since last request: 0.840789 seconds.
  path: Assets/Models/Hand-Painted Fountain/Meshes/Meshes_Collisions
  artifactKey: Guid(5abfe95189f97cc4087f0dfff86d6432) Importer(815301076,1909f56bfc062723c751e8b465ee728b)
Start importing Assets/Models/Hand-Painted Fountain/Meshes/Meshes_Collisions using Guid(5abfe95189f97cc4087f0dfff86d6432) Importer(815301076,1909f56bfc062723c751e8b465ee728b)  -> (artifact id: '12a41b38d8638b207ceffa245bd8f5e6') in 0.005995 seconds 
  Import took 0.074371 seconds .

========================================================================
Received Import Request.
  Time since last request: 0.997403 seconds.
  path: Assets/Models/Hand-Painted Fountain/Meshes/Meshes_Fountain
  artifactKey: Guid(c5df364f6f8afd94aa88a826bf5443e5) Importer(815301076,1909f56bfc062723c751e8b465ee728b)
Start importing Assets/Models/Hand-Painted Fountain/Meshes/Meshes_Fountain using Guid(c5df364f6f8afd94aa88a826bf5443e5) Importer(815301076,1909f56bfc062723c751e8b465ee728b)  -> (artifact id: '4927ed8a192c8ec698ffdf23b871d8cb') in 0.006284 seconds 
  Import took 0.067876 seconds .

========================================================================
Received Import Request.
  Time since last request: 0.605613 seconds.
  path: Assets/Models/Hand-Painted Fountain/Meshes/Meshes_Fountain/mesh_Fountain.FBX
  artifactKey: Guid(11a60179d77a72f45aa726eb32cdc28d) Importer(815301076,1909f56bfc062723c751e8b465ee728b)
Start importing Assets/Models/Hand-Painted Fountain/Meshes/Meshes_Fountain/mesh_Fountain.FBX using Guid(11a60179d77a72f45aa726eb32cdc28d) Importer(815301076,1909f56bfc062723c751e8b465ee728b)  -> (artifact id: '9e3b686b05feaa441e6b7a2c70e83e9d') in 0.039811 seconds 
  Import took 0.130880 seconds .

========================================================================
Received Import Request.
  Time since last request: 0.000320 seconds.
  path: Assets/Models/Hand-Painted Fountain/Meshes/Meshes_Fountain/mesh_FountainWater.FBX
  artifactKey: Guid(3fa90fe6805a9bd4fb67c2b31905d5ff) Importer(815301076,1909f56bfc062723c751e8b465ee728b)
Start importing Assets/Models/Hand-Painted Fountain/Meshes/Meshes_Fountain/mesh_FountainWater.FBX using Guid(3fa90fe6805a9bd4fb67c2b31905d5ff) Importer(815301076,1909f56bfc062723c751e8b465ee728b)  -> (artifact id: 'da2317709e973ebcb2def1e367ae40cd') in 0.016652 seconds 
  Import took 0.036488 seconds .

========================================================================
Received Import Request.
  Time since last request: 5.953989 seconds.
  path: Assets/Models/Hand-Painted Fountain/Meshes/Meshes_Fountain/Materials
  artifactKey: Guid(a755263c6163f404787659c6a46d69e4) Importer(815301076,1909f56bfc062723c751e8b465ee728b)
Start importing Assets/Models/Hand-Painted Fountain/Meshes/Meshes_Fountain/Materials using Guid(a755263c6163f404787659c6a46d69e4) Importer(815301076,1909f56bfc062723c751e8b465ee728b)  -> (artifact id: 'd2feb2d4057f9ff90f9cdbda366a2fa3') in 0.005739 seconds 
  Import took 0.074760 seconds .

========================================================================
Received Import Request.
  Time since last request: 0.473210 seconds.
  path: Assets/Models/Hand-Painted Fountain/Meshes/Meshes_Fountain/Materials/tex_Fountain.mat
  artifactKey: Guid(0156d25acfdecf14b916d50d9a227172) Importer(815301076,1909f56bfc062723c751e8b465ee728b)
Start importing Assets/Models/Hand-Painted Fountain/Meshes/Meshes_Fountain/Materials/tex_Fountain.mat using Guid(0156d25acfdecf14b916d50d9a227172) Importer(815301076,1909f56bfc062723c751e8b465ee728b)  -> (artifact id: '814b06614c842ca847d1ba3953280330') in 0.017191 seconds 
  Import took 0.052219 seconds .

========================================================================
Received Import Request.
  Time since last request: 4.966556 seconds.
  path: Assets/Invector-3rdPersonController_LITE/3D Models/Others/NewAssets/jumpOver.asset
  artifactKey: Guid(4aac3562201e6b94691c7d38eb0f1a59) Importer(815301076,1909f56bfc062723c751e8b465ee728b)
Start importing Assets/Invector-3rdPersonController_LITE/3D Models/Others/NewAssets/jumpOver.asset using Guid(4aac3562201e6b94691c7d38eb0f1a59) Importer(815301076,1909f56bfc062723c751e8b465ee728b)  -> (artifact id: 'd1995804770fca409266fdca48a37737') in 0.050390 seconds 
  Import took 0.076708 seconds .

========================================================================
Received Import Request.
  Time since last request: 0.001782 seconds.
  path: Assets/Invector-3rdPersonController_LITE/3D Models/Others/NewAssets/jumpOver.asset
  artifactKey: Guid(4aac3562201e6b94691c7d38eb0f1a59) Importer(815301076,1909f56bfc062723c751e8b465ee728b)
Start importing Assets/Invector-3rdPersonController_LITE/3D Models/Others/NewAssets/jumpOver.asset using Guid(4aac3562201e6b94691c7d38eb0f1a59) Importer(815301076,1909f56bfc062723c751e8b465ee728b)  -> (artifact id: 'd1995804770fca409266fdca48a37737') in 0.009750 seconds 
  Import took 0.035354 seconds .

========================================================================
Received Prepare
Registering precompiled user dll's ...
Registered in 0.003701 seconds.
Begin MonoManager ReloadAssembly
Native extension for WindowsStandalone target not found
Refreshing native plugins compatible for Editor in 0.40 ms, found 2 plugins.
Preloading 0 native plugins for Editor in 0.00 ms.
Mono: successfully reloaded assembly
- Completed reload, in  0.975 seconds
Domain Reload Profiling:
	ReloadAssembly (975ms)
		BeginReloadAssembly (109ms)
			ExecutionOrderSort (0ms)
			DisableScriptedObjects (3ms)
			BackupInstance (0ms)
			ReleaseScriptingObjects (0ms)
			CreateAndSetChildDomain (29ms)
		EndReloadAssembly (811ms)
			LoadAssemblies (89ms)
			RebuildTransferFunctionScriptingTraits (0ms)
			SetupTypeCache (262ms)
			ReleaseScriptCaches (1ms)
			RebuildScriptCaches (34ms)
			SetupLoadedEditorAssemblies (342ms)
				LogAssemblyErrors (0ms)
				InitializePlatformSupportModulesInManaged (4ms)
				SetLoadedEditorAssemblies (0ms)
				RefreshPlugins (0ms)
				BeforeProcessingInitializeOnLoad (49ms)
				ProcessInitializeOnLoadAttributes (262ms)
				ProcessInitializeOnLoadMethodAttributes (9ms)
				AfterProcessingInitializeOnLoad (15ms)
				EditorAssembliesLoaded (1ms)
			ExecutionOrderSort2 (0ms)
			AwakeInstancesAfterBackupRestoration (7ms)
Platform modules already initialized, skipping
Refreshing native plugins compatible for Editor in 0.40 ms, found 2 plugins.
Preloading 0 native plugins for Editor in 0.00 ms.
Unloading 1775 Unused Serialized files (Serialized files now loaded: 0)
System memory in use before: 90.9 MB.
System memory in use after: 91.0 MB.

Unloading 14 unused Assets to reduce memory usage. Loaded Objects now: 2322.
Total: 3.138300 ms (FindLiveObjects: 0.215200 ms CreateObjectMapping: 0.049500 ms MarkObjects: 2.853000 ms  DeleteObjects: 0.019900 ms)

AssetImportParameters requested are different than current active one (requested -> active):
  custom:framework-win-MediaFoundation: 216162199b28c13a410421893ffa2e32 -> 
  custom:video-decoder-ogg-theora: a1e56fd34408186e4bbccfd4996cb3dc -> 
  custom:container-muxer-webm: aa71ff27fc2769a1b78a27578f13a17b -> 
  custom:container-demuxer-webm: 4f35f7cbe854078d1ac9338744f61a02 -> 
  custom:container-demuxer-ogg: 62fdf1f143b41e24485cea50d1cbac27 -> 
  custom:video-encoder-webm-vp8: eb34c28f22e8b96e1ab97ce403110664 -> 
  custom:video-decoder-webm-vp8: 9c59270c3fd7afecdb556c50c9e8de78 -> 
  custom:audio-decoder-ogg-vorbis: bf7c407c2cedff20999df2af8eb42d56 -> 
  custom:audio-encoder-webm-vorbis: bf7c407c2cedff20999df2af8eb42d56 -> 
========================================================================
Received Import Request.
  Time since last request: 52.860423 seconds.
  path: Assets/Models/_TerrainAutoUpgrade
  artifactKey: Guid(57e4ba913fdab92449ec21fc934c766c) Importer(815301076,1909f56bfc062723c751e8b465ee728b)
Start importing Assets/Models/_TerrainAutoUpgrade using Guid(57e4ba913fdab92449ec21fc934c766c) Importer(815301076,1909f56bfc062723c751e8b465ee728b)  -> (artifact id: 'ada493e554e8f85bcf91190d41c79234') in 0.010744 seconds 
  Import took 0.043312 seconds .

========================================================================
Received Import Request.
  Time since last request: 6.187814 seconds.
  path: Assets/Models/Hand-Painted Fountain/Readme.rtf
  artifactKey: Guid(878b17d3dcbba604a9295dedf3572407) Importer(815301076,1909f56bfc062723c751e8b465ee728b)
Start importing Assets/Models/Hand-Painted Fountain/Readme.rtf using Guid(878b17d3dcbba604a9295dedf3572407) Importer(815301076,1909f56bfc062723c751e8b465ee728b)  -> (artifact id: '3479693a020c13d909b90a234d3f76c1') in 0.018862 seconds 
  Import took 0.084179 seconds .

========================================================================
Received Import Request.
  Time since last request: 0.383187 seconds.
  path: Assets/Models/Hand-Painted Fountain/Demo_SceneSettings.lighting
  artifactKey: Guid(08648d2bf21804949b2577e71f713af9) Importer(815301076,1909f56bfc062723c751e8b465ee728b)
Start importing Assets/Models/Hand-Painted Fountain/Demo_SceneSettings.lighting using Guid(08648d2bf21804949b2577e71f713af9) Importer(815301076,1909f56bfc062723c751e8b465ee728b) LightingSettings: switching bake backend from 1 to 0.
 -> (artifact id: '48b203e1847938eb5fb0ec99e2be4993') in 0.007246 seconds 
  Import took 0.009958 seconds .

========================================================================
Received Import Request.
  Time since last request: 0.001076 seconds.
  path: Assets/Models/Hand-Painted Fountain/Demo_SceneSettings.lighting
  artifactKey: Guid(08648d2bf21804949b2577e71f713af9) Importer(815301076,1909f56bfc062723c751e8b465ee728b)
Start importing Assets/Models/Hand-Painted Fountain/Demo_SceneSettings.lighting using Guid(08648d2bf21804949b2577e71f713af9) Importer(815301076,1909f56bfc062723c751e8b465ee728b) LightingSettings: switching bake backend from 1 to 0.
 -> (artifact id: '48b203e1847938eb5fb0ec99e2be4993') in 0.002196 seconds 
  Import took 0.006048 seconds .

========================================================================
Received Import Request.
  Time since last request: 0.370479 seconds.
  path: Assets/Models/Hand-Painted Fountain/Demo_Scene.unity
  artifactKey: Guid(ea4c489df2b44fc47935cb0eeab20515) Importer(815301076,1909f56bfc062723c751e8b465ee728b)
Start importing Assets/Models/Hand-Painted Fountain/Demo_Scene.unity using Guid(ea4c489df2b44fc47935cb0eeab20515) Importer(815301076,1909f56bfc062723c751e8b465ee728b)  -> (artifact id: 'c0cdef878420b6406f0c9d543cec8cb0') in 0.006468 seconds 
  Import took 0.048736 seconds .

========================================================================
Received Import Request.
  Time since last request: 0.326777 seconds.
  path: Assets/Models/Hand-Painted Fountain/Textures
  artifactKey: Guid(b7a9af926c5454549a5de3e2855d5bd5) Importer(815301076,1909f56bfc062723c751e8b465ee728b)
Start importing Assets/Models/Hand-Painted Fountain/Textures using Guid(b7a9af926c5454549a5de3e2855d5bd5) Importer(815301076,1909f56bfc062723c751e8b465ee728b)  -> (artifact id: '222fe6f0aff532b1507b4909eb4ede03') in 0.005944 seconds 
  Import took 0.079552 seconds .

========================================================================
Received Import Request.
  Time since last request: 6.191562 seconds.
  path: Assets/Models/Hand-Painted Fountain/Textures/tex_Fountain.png
  artifactKey: Guid(1e7695f62715e2547bcbd54ceb436e70) Importer(815301076,1909f56bfc062723c751e8b465ee728b)
Start importing Assets/Models/Hand-Painted Fountain/Textures/tex_Fountain.png using Guid(1e7695f62715e2547bcbd54ceb436e70) Importer(815301076,1909f56bfc062723c751e8b465ee728b)  -> (artifact id: '0e40f6b4405d896229fb61a566a1a114') in 0.029889 seconds 
  Import took 0.064880 seconds .

========================================================================
Received Import Request.
  Time since last request: 6.518161 seconds.
  path: Assets/Models/Hand-Painted Fountain/Meshes/Meshes_Collisions/col_Fountain.FBX
  artifactKey: Guid(3057ef0fb270de645b89d6db57f074be) Importer(815301076,1909f56bfc062723c751e8b465ee728b)
Start importing Assets/Models/Hand-Painted Fountain/Meshes/Meshes_Collisions/col_Fountain.FBX using Guid(3057ef0fb270de645b89d6db57f074be) Importer(815301076,1909f56bfc062723c751e8b465ee728b)  -> (artifact id: '682b7d6e27154c7f99ffc1e4fb116ab4') in 0.050135 seconds 
  Import took 0.124879 seconds .

========================================================================
Received Import Request.
  Time since last request: 50.276205 seconds.
  path: Assets/Models/FantasyEnvironments/Environments/Ambient-Occlusion-Trees/Prefabs/Birch_tree1.prefab
  artifactKey: Guid(47356d574ebc3a545bfaef26eb02a2ea) Importer(815301076,1909f56bfc062723c751e8b465ee728b)
Start importing Assets/Models/FantasyEnvironments/Environments/Ambient-Occlusion-Trees/Prefabs/Birch_tree1.prefab using Guid(47356d574ebc3a545bfaef26eb02a2ea) Importer(815301076,1909f56bfc062723c751e8b465ee728b)  -> (artifact id: '8d919aa343361e31719f142750bdf7d6') in 0.380054 seconds 
  Import took 0.414932 seconds .

========================================================================
Received Import Request.
  Time since last request: 0.000329 seconds.
  path: Assets/Models/Mario Haberle Models/plane/Plane.prefab
  artifactKey: Guid(0833b45e62a7248f8a63211aa6cf680e) Importer(815301076,1909f56bfc062723c751e8b465ee728b)
Start importing Assets/Models/Mario Haberle Models/plane/Plane.prefab using Guid(0833b45e62a7248f8a63211aa6cf680e) Importer(815301076,1909f56bfc062723c751e8b465ee728b)  -> (artifact id: '09585b649d70182ff3b19a182a1e083d') in 0.011025 seconds 
  Import took 0.111587 seconds .

========================================================================
Received Import Request.
  Time since last request: 0.000335 seconds.
  path: Assets/Models/FantasyEnvironments/Environments/Ambient-Occlusion-Trees/Prefabs/Deciduous_tree1.prefab
  artifactKey: Guid(dc20bf501e8161b40859eb66568d49f6) Importer(815301076,1909f56bfc062723c751e8b465ee728b)
Start importing Assets/Models/FantasyEnvironments/Environments/Ambient-Occlusion-Trees/Prefabs/Deciduous_tree1.prefab using Guid(dc20bf501e8161b40859eb66568d49f6) Importer(815301076,1909f56bfc062723c751e8b465ee728b)  -> (artifact id: '00ef443940b01f232f1eed5c94b4ad38') in 0.300608 seconds 
  Import took 0.338122 seconds .

========================================================================
Received Import Request.
  Time since last request: 0.000341 seconds.
  path: Assets/Models/FantasyEnvironments/Environments/Ambient-Occlusion-Trees/Materials/Birch_bark.mat
  artifactKey: Guid(7ed001e11f025264c8b5dfc5b0702319) Importer(815301076,1909f56bfc062723c751e8b465ee728b)
Start importing Assets/Models/FantasyEnvironments/Environments/Ambient-Occlusion-Trees/Materials/Birch_bark.mat using Guid(7ed001e11f025264c8b5dfc5b0702319) Importer(815301076,1909f56bfc062723c751e8b465ee728b)  -> (artifact id: '159d27da3b9ba82b24be73788347f985') in 0.018558 seconds 
  Import took 0.047934 seconds .

========================================================================
Received Import Request.
  Time since last request: 0.000326 seconds.
  path: Assets/Invector-3rdPersonController_LITE/3D Models/Textures/basicTextures/Materials/blockIcon.mat
  artifactKey: Guid(bfbb0dc28d099374ea54992d9c8b94a6) Importer(815301076,1909f56bfc062723c751e8b465ee728b)
Start importing Assets/Invector-3rdPersonController_LITE/3D Models/Textures/basicTextures/Materials/blockIcon.mat using Guid(bfbb0dc28d099374ea54992d9c8b94a6) Importer(815301076,1909f56bfc062723c751e8b465ee728b)  -> (artifact id: '89c0094291e81bd0f9c8248d91b50529') in 0.370836 seconds 
  Import took 0.428289 seconds .

========================================================================
Received Import Request.
  Time since last request: 0.000302 seconds.
  path: Assets/Invector-3rdPersonController_LITE/3D Models/Textures/prototype_textures/blue_floor_Tiled 1.mat
  artifactKey: Guid(50379933e8dbabe4eb6d36e41aec0185) Importer(815301076,1909f56bfc062723c751e8b465ee728b)
Start importing Assets/Invector-3rdPersonController_LITE/3D Models/Textures/prototype_textures/blue_floor_Tiled 1.mat using Guid(50379933e8dbabe4eb6d36e41aec0185) Importer(815301076,1909f56bfc062723c751e8b465ee728b)  -> (artifact id: 'b539f3a3565f56a620a654c2daf12eac') in 0.278537 seconds 
  Import took 0.313910 seconds .

========================================================================
Received Import Request.
  Time since last request: 0.000332 seconds.
  path: Assets/Invector-3rdPersonController_LITE/3D Models/Textures/prototype_textures/Materials/carbon.mat
  artifactKey: Guid(50ac9aaf650337544b871e557fa095ca) Importer(815301076,1909f56bfc062723c751e8b465ee728b)
Start importing Assets/Invector-3rdPersonController_LITE/3D Models/Textures/prototype_textures/Materials/carbon.mat using Guid(50ac9aaf650337544b871e557fa095ca) Importer(815301076,1909f56bfc062723c751e8b465ee728b)  -> (artifact id: '354a7bde2f478aae19c9d00fb2ed8deb') in 0.073462 seconds 
  Import took 0.144828 seconds .

========================================================================
Received Import Request.
  Time since last request: 0.000319 seconds.
  path: Assets/Invector-3rdPersonController_LITE/3D Models/Textures/prototype_textures/Materials/carbon2.mat
  artifactKey: Guid(fdcb5d92a21150a46b75fd32ed28c8be) Importer(815301076,1909f56bfc062723c751e8b465ee728b)
Start importing Assets/Invector-3rdPersonController_LITE/3D Models/Textures/prototype_textures/Materials/carbon2.mat using Guid(fdcb5d92a21150a46b75fd32ed28c8be) Importer(815301076,1909f56bfc062723c751e8b465ee728b)  -> (artifact id: '75af040f25eb3e886c0af64378150688') in 0.017877 seconds 
  Import took 0.020427 seconds .

========================================================================
Received Import Request.
  Time since last request: 0.000339 seconds.
  path: Assets/Invector-3rdPersonController_LITE/3D Models/Characters/Invector@V-Bot 2.0/Material/Custom/Body.mat
  artifactKey: Guid(2fccb76f588d4d749928713d38489484) Importer(815301076,1909f56bfc062723c751e8b465ee728b)
Start importing Assets/Invector-3rdPersonController_LITE/3D Models/Characters/Invector@V-Bot 2.0/Material/Custom/Body.mat using Guid(2fccb76f588d4d749928713d38489484) Importer(815301076,1909f56bfc062723c751e8b465ee728b)  -> (artifact id: '3f0425d75df68dbba7e3ecb6eec93966') in 0.061558 seconds 
  Import took 0.093671 seconds .

========================================================================
Received Import Request.
  Time since last request: 0.000260 seconds.
  path: Packages/com.unity.probuilder/Content/Resources/Materials/FacePicker.mat
  artifactKey: Guid(5695904020f064fdab5ad265b274a616) Importer(815301076,1909f56bfc062723c751e8b465ee728b)
Start importing Packages/com.unity.probuilder/Content/Resources/Materials/FacePicker.mat using Guid(5695904020f064fdab5ad265b274a616) Importer(815301076,1909f56bfc062723c751e8b465ee728b)  -> (artifact id: '2f70878b45adf3d082628ad7d5ad9c24') in 0.016847 seconds 
  Import took 0.042911 seconds .

========================================================================
Received Import Request.
  Time since last request: 0.000370 seconds.
  path: Assets/Invector-3rdPersonController_LITE/3D Models/Others/cube difuse.mat
  artifactKey: Guid(33ac8f6306630e44f821bb8ae4fcff46) Importer(815301076,1909f56bfc062723c751e8b465ee728b)
Start importing Assets/Invector-3rdPersonController_LITE/3D Models/Others/cube difuse.mat using Guid(33ac8f6306630e44f821bb8ae4fcff46) Importer(815301076,1909f56bfc062723c751e8b465ee728b)  -> (artifact id: '7810da02bdf8b730d8681678edf68ee6') in 0.032674 seconds 
  Import took 0.035189 seconds .

========================================================================
Received Import Request.
  Time since last request: 0.000285 seconds.
  path: Assets/Invector-3rdPersonController_LITE/3D Models/Textures/prototype_textures/Materials/door_red.mat
  artifactKey: Guid(c841a4b6377992b4d90549386c0ecb64) Importer(815301076,1909f56bfc062723c751e8b465ee728b)
Start importing Assets/Invector-3rdPersonController_LITE/3D Models/Textures/prototype_textures/Materials/door_red.mat using Guid(c841a4b6377992b4d90549386c0ecb64) Importer(815301076,1909f56bfc062723c751e8b465ee728b)  -> (artifact id: '245e32ebcf4491126f477128003fb018') in 0.084099 seconds 
  Import took 0.089605 seconds .

========================================================================
Received Import Request.
  Time since last request: 0.000338 seconds.
  path: Assets/Invector-3rdPersonController_LITE/Resources/Materials/basicLogo.mat
  artifactKey: Guid(95e8ddafe35d7fa489f1b9ef6bb570d8) Importer(815301076,1909f56bfc062723c751e8b465ee728b)
Start importing Assets/Invector-3rdPersonController_LITE/Resources/Materials/basicLogo.mat using Guid(95e8ddafe35d7fa489f1b9ef6bb570d8) Importer(815301076,1909f56bfc062723c751e8b465ee728b)  -> (artifact id: 'f731de624ed3e473593a55ab1def8adb') in 0.144923 seconds 
  Import took 0.179054 seconds .

========================================================================
Received Import Request.
  Time since last request: 0.000326 seconds.
  path: Assets/Invector-3rdPersonController_LITE/3D Models/Others/Materials/blue_cube_simple.mat
  artifactKey: Guid(b9c988e3a01f8a34f8cf350e4f566def) Importer(815301076,1909f56bfc062723c751e8b465ee728b)
Start importing Assets/Invector-3rdPersonController_LITE/3D Models/Others/Materials/blue_cube_simple.mat using Guid(b9c988e3a01f8a34f8cf350e4f566def) Importer(815301076,1909f56bfc062723c751e8b465ee728b)  -> (artifact id: 'da0131f7afa4762bc9fbc99de7271a9a') in 0.084494 seconds 
  Import took 0.086969 seconds .

========================================================================
Received Import Request.
  Time since last request: 0.000327 seconds.
  path: Packages/com.unity.progrids/Font/Asap-Medium-ProGrids.otf
  artifactKey: Guid(8c2220bd5fd560c4297e93c4c66a2ba8) Importer(815301076,1909f56bfc062723c751e8b465ee728b)
Start importing Packages/com.unity.progrids/Font/Asap-Medium-ProGrids.otf using Guid(8c2220bd5fd560c4297e93c4c66a2ba8) Importer(815301076,1909f56bfc062723c751e8b465ee728b)  -> (artifact id: '2de11280cf9a24e66c51882d334b82cd') in 0.102791 seconds 
  Import took 0.143818 seconds .

========================================================================
Received Import Request.
  Time since last request: 0.000312 seconds.
  path: Assets/Invector-3rdPersonController_LITE/Resources/Reckoner.ttf
  artifactKey: Guid(6d5f66926f86d304eadada78d16964b0) Importer(815301076,1909f56bfc062723c751e8b465ee728b)
Start importing Assets/Invector-3rdPersonController_LITE/Resources/Reckoner.ttf using Guid(6d5f66926f86d304eadada78d16964b0) Importer(815301076,1909f56bfc062723c751e8b465ee728b)  -> (artifact id: '5f6a7b0d861a6482ae7e666dcc4be6b7') in 0.039268 seconds 
  Import took 0.060629 seconds .

========================================================================
Received Import Request.
  Time since last request: 0.000342 seconds.
  path: Assets/Invector-3rdPersonController_LITE/3D Models/Others/Materials/blue_floor_Tiled.mat
  artifactKey: Guid(b5318195f3001224f8d89ed125cd996b) Importer(815301076,1909f56bfc062723c751e8b465ee728b)
Start importing Assets/Invector-3rdPersonController_LITE/3D Models/Others/Materials/blue_floor_Tiled.mat using Guid(b5318195f3001224f8d89ed125cd996b) Importer(815301076,1909f56bfc062723c751e8b465ee728b)  -> (artifact id: '60fb7ce04ed9ac3016b5d49d36547cc6') in 0.053049 seconds 
  Import took 0.102747 seconds .

========================================================================
Received Import Request.
  Time since last request: 0.000299 seconds.
  path: Assets/Models/Mario Haberle Models/rocket/rocket.prefab
  artifactKey: Guid(1577f5be8c54b4b4daf6cbee98c412c4) Importer(815301076,1909f56bfc062723c751e8b465ee728b)
Start importing Assets/Models/Mario Haberle Models/rocket/rocket.prefab using Guid(1577f5be8c54b4b4daf6cbee98c412c4) Importer(815301076,1909f56bfc062723c751e8b465ee728b)  -> (artifact id: '9fbdda1bede6f25227d1046a6c78ec37') in 0.232388 seconds 
  Import took 0.247752 seconds .

========================================================================
Received Import Request.
  Time since last request: 0.000325 seconds.
  path: Packages/com.unity.probuilder/Content/Resources/Materials/EdgePickerHDRP.mat
  artifactKey: Guid(980c24c5a501a9a429356d191ad356a9) Importer(815301076,1909f56bfc062723c751e8b465ee728b)
Start importing Packages/com.unity.probuilder/Content/Resources/Materials/EdgePickerHDRP.mat using Guid(980c24c5a501a9a429356d191ad356a9) Importer(815301076,1909f56bfc062723c751e8b465ee728b)  -> (artifact id: '0c175e8bfe75860b542cac7b9bba7728') in 0.017760 seconds 
  Import took 0.020477 seconds .

========================================================================
Received Import Request.
  Time since last request: 0.000271 seconds.
  path: Assets/Invector-3rdPersonController_LITE/3D Models/Textures/prototype_textures/Materials/door_blue.mat
  artifactKey: Guid(d4d77923774cd9e468e6a23187133f18) Importer(815301076,1909f56bfc062723c751e8b465ee728b)
Start importing Assets/Invector-3rdPersonController_LITE/3D Models/Textures/prototype_textures/Materials/door_blue.mat using Guid(d4d77923774cd9e468e6a23187133f18) Importer(815301076,1909f56bfc062723c751e8b465ee728b)  -> (artifact id: '236e5e0ed89a6cefddc477cf2b5f677c') in 0.024548 seconds 
  Import took 0.028175 seconds .

========================================================================
Received Import Request.
  Time since last request: 0.000284 seconds.
  path: Assets/Invector-3rdPersonController_LITE/3D Models/Textures/prototype_textures/Materials/door_green.mat
  artifactKey: Guid(5999b5843e39db342b3ebc07a2d0f3e6) Importer(815301076,1909f56bfc062723c751e8b465ee728b)
Start importing Assets/Invector-3rdPersonController_LITE/3D Models/Textures/prototype_textures/Materials/door_green.mat using Guid(5999b5843e39db342b3ebc07a2d0f3e6) Importer(815301076,1909f56bfc062723c751e8b465ee728b)  -> (artifact id: 'f502e04d62a39675450a190f55ed070e') in 0.022567 seconds 
  Import took 0.026181 seconds .

========================================================================
Received Import Request.
  Time since last request: 0.000868 seconds.
  path: Packages/com.unity.probuilder/Content/Resources/Materials/EdgePicker.mat
  artifactKey: Guid(4ff996e3a0a5743a3987ab6231160665) Importer(815301076,1909f56bfc062723c751e8b465ee728b)
Start importing Packages/com.unity.probuilder/Content/Resources/Materials/EdgePicker.mat using Guid(4ff996e3a0a5743a3987ab6231160665) Importer(815301076,1909f56bfc062723c751e8b465ee728b)  -> (artifact id: 'dd28d434726e9e97d045a08030b0203f') in 0.019070 seconds 
  Import took 0.063158 seconds .

========================================================================
Received Import Request.
  Time since last request: 0.000332 seconds.
  path: Packages/com.unity.probuilder/Content/Resources/Materials/Collider.mat
  artifactKey: Guid(bbb235fff4f48426b863b36058ab66d2) Importer(815301076,1909f56bfc062723c751e8b465ee728b)
Start importing Packages/com.unity.probuilder/Content/Resources/Materials/Collider.mat using Guid(bbb235fff4f48426b863b36058ab66d2) Importer(815301076,1909f56bfc062723c751e8b465ee728b)  -> (artifact id: '44a42be3d3ff4523c0a6370be823cc43') in 0.192631 seconds 
  Import took 0.195169 seconds .

========================================================================
Received Import Request.
  Time since last request: 0.000318 seconds.
  path: Assets/Models/FantasyEnvironments/Environments/Ambient-Occlusion-Trees/Prefabs/Oak_tree1.prefab
  artifactKey: Guid(783807170dc366141aaaeb44eec96c04) Importer(815301076,1909f56bfc062723c751e8b465ee728b)
Start importing Assets/Models/FantasyEnvironments/Environments/Ambient-Occlusion-Trees/Prefabs/Oak_tree1.prefab using Guid(783807170dc366141aaaeb44eec96c04) Importer(815301076,1909f56bfc062723c751e8b465ee728b)  -> (artifact id: '173e22787d58aae9ab79155b584ce2af') in 0.193306 seconds 
  Import took 0.195992 seconds .

========================================================================
Received Import Request.
  Time since last request: 0.000319 seconds.
  path: Assets/Models/FantasyEnvironments/Environments/Ambient-Occlusion-Trees/Materials/Birch_leaves.mat
  artifactKey: Guid(6b7cbd10b1b54624aad174204ed5e57d) Importer(815301076,1909f56bfc062723c751e8b465ee728b)
Start importing Assets/Models/FantasyEnvironments/Environments/Ambient-Occlusion-Trees/Materials/Birch_leaves.mat using Guid(6b7cbd10b1b54624aad174204ed5e57d) Importer(815301076,1909f56bfc062723c751e8b465ee728b)  -> (artifact id: '7f0cab205046c7977463e7f43c41dbd3') in 0.015770 seconds 
  Import took 0.019016 seconds .

========================================================================
Received Import Request.
  Time since last request: 0.000336 seconds.
  path: Packages/com.unity.probuilder/Content/Material/Checker.mat
  artifactKey: Guid(4717b199010ca4cb3a8a7a465ec457d2) Importer(815301076,1909f56bfc062723c751e8b465ee728b)
Start importing Packages/com.unity.probuilder/Content/Material/Checker.mat using Guid(4717b199010ca4cb3a8a7a465ec457d2) Importer(815301076,1909f56bfc062723c751e8b465ee728b)  -> (artifact id: '1e9cc05b182fa831cd6c3345592eb77b') in 0.068222 seconds 
  Import took 0.122259 seconds .

========================================================================
Received Import Request.
  Time since last request: 0.000354 seconds.
  path: Assets/Invector-3rdPersonController_LITE/Resources/BebasKai-Regular.otf
  artifactKey: Guid(a8f74dbf0f81e504bbbdf3f6063e1047) Importer(815301076,1909f56bfc062723c751e8b465ee728b)
Start importing Assets/Invector-3rdPersonController_LITE/Resources/BebasKai-Regular.otf using Guid(a8f74dbf0f81e504bbbdf3f6063e1047) Importer(815301076,1909f56bfc062723c751e8b465ee728b)  -> (artifact id: '6ffc48587e7901f65745a51270de973c') in 0.065456 seconds 
  Import took 0.089275 seconds .

========================================================================
Received Import Request.
  Time since last request: 0.000250 seconds.
  path: Assets/Models/Mario Haberle Models/Tree/tree.prefab
  artifactKey: Guid(58bf7e846284045038e45b219c7c12d0) Importer(815301076,1909f56bfc062723c751e8b465ee728b)
Start importing Assets/Models/Mario Haberle Models/Tree/tree.prefab using Guid(58bf7e846284045038e45b219c7c12d0) Importer(815301076,1909f56bfc062723c751e8b465ee728b)  -> (artifact id: 'ec642f5ad8aa366e12632026045ace68') in 0.021475 seconds 
  Import took 0.101533 seconds .

========================================================================
Received Import Request.
  Time since last request: 0.000298 seconds.
  path: Assets/Models/Mario Haberle Models/mashrooms/mushroom.prefab
  artifactKey: Guid(8cd70064156f74fe484f5d3d415ca44a) Importer(815301076,1909f56bfc062723c751e8b465ee728b)
Start importing Assets/Models/Mario Haberle Models/mashrooms/mushroom.prefab using Guid(8cd70064156f74fe484f5d3d415ca44a) Importer(815301076,1909f56bfc062723c751e8b465ee728b)  -> (artifact id: '48b5f6aba996643fec6467f9f307f6e7') in 0.014616 seconds 
  Import took 0.017303 seconds .

========================================================================
Received Import Request.
  Time since last request: 0.000332 seconds.
  path: Assets/Invector-3rdPersonController_LITE/3D Models/Others/Materials/blue_cube.mat
  artifactKey: Guid(e214d4cadc22d544dae9aa451755af12) Importer(815301076,1909f56bfc062723c751e8b465ee728b)
Start importing Assets/Invector-3rdPersonController_LITE/3D Models/Others/Materials/blue_cube.mat using Guid(e214d4cadc22d544dae9aa451755af12) Importer(815301076,1909f56bfc062723c751e8b465ee728b)  -> (artifact id: '0d579b4c665110e4e251858f03922dbd') in 0.037356 seconds 
  Import took 0.052038 seconds .

========================================================================
Received Import Request.
  Time since last request: 0.000342 seconds.
  path: Assets/Models/FantasyEnvironments/Environments/Ambient-Occlusion-Trees/FBX/Oak_tree1.fbx
  artifactKey: Guid(fd2181bb73ea8824bb12c11a7d60e62e) Importer(815301076,1909f56bfc062723c751e8b465ee728b)
Start importing Assets/Models/FantasyEnvironments/Environments/Ambient-Occlusion-Trees/FBX/Oak_tree1.fbx using Guid(fd2181bb73ea8824bb12c11a7d60e62e) Importer(815301076,1909f56bfc062723c751e8b465ee728b)  -> (artifact id: '3380deadf0e706482d286e83be175bbc') in 0.279490 seconds 
  Import took 0.282222 seconds .

========================================================================
Received Import Request.
  Time since last request: 0.000293 seconds.
  path: Assets/Models/Mario Haberle Models/Fence/fence.prefab
  artifactKey: Guid(4109afb8e36364be19e0157c8df344a3) Importer(815301076,1909f56bfc062723c751e8b465ee728b)
Start importing Assets/Models/Mario Haberle Models/Fence/fence.prefab using Guid(4109afb8e36364be19e0157c8df344a3) Importer(815301076,1909f56bfc062723c751e8b465ee728b)  -> (artifact id: '882246e07024e19c3ce69c0fdaef8975') in 0.034728 seconds 
  Import took 0.077256 seconds .

========================================================================
Received Import Request.
  Time since last request: 0.000340 seconds.
  path: Assets/Models/Mario Haberle Models/Fence/fence_material.mat
  artifactKey: Guid(eff8639f2f60447d6bca787d403cf3d9) Importer(815301076,1909f56bfc062723c751e8b465ee728b)
Start importing Assets/Models/Mario Haberle Models/Fence/fence_material.mat using Guid(eff8639f2f60447d6bca787d403cf3d9) Importer(815301076,1909f56bfc062723c751e8b465ee728b)  -> (artifact id: '58ed731ad2729ca0891078def5b4ef61') in 0.014012 seconds 
  Import took 0.016618 seconds .

========================================================================
Received Import Request.
  Time since last request: 0.000236 seconds.
  path: Assets/Invector-3rdPersonController_LITE/3D Models/Others/Materials/blue_door_simple.mat
  artifactKey: Guid(36f46cb6c3aa5b341af66d6edf02bca9) Importer(815301076,1909f56bfc062723c751e8b465ee728b)
Start importing Assets/Invector-3rdPersonController_LITE/3D Models/Others/Materials/blue_door_simple.mat using Guid(36f46cb6c3aa5b341af66d6edf02bca9) Importer(815301076,1909f56bfc062723c751e8b465ee728b)  -> (artifact id: 'faf876c725e714905205afc89f345f2a') in 0.022442 seconds 
  Import took 0.077555 seconds .

========================================================================
Received Import Request.
  Time since last request: 0.000310 seconds.
  path: Packages/com.unity.probuilder/Content/Resources/Materials/FacePickerHDRP.mat
  artifactKey: Guid(a53ef0dd76f2fe74eb5f43267d7c0195) Importer(815301076,1909f56bfc062723c751e8b465ee728b)
Start importing Packages/com.unity.probuilder/Content/Resources/Materials/FacePickerHDRP.mat using Guid(a53ef0dd76f2fe74eb5f43267d7c0195) Importer(815301076,1909f56bfc062723c751e8b465ee728b)  -> (artifact id: '2b3a98f947b9445050f05ee155da7b12') in 0.018539 seconds 
  Import took 0.036029 seconds .

========================================================================
Received Import Request.
  Time since last request: 0.000320 seconds.
  path: Assets/Models/FantasyEnvironments/Environments/Ambient-Occlusion-Trees/Materials/Birch_leaves 1.mat
  artifactKey: Guid(ffc6ec73fb923634287e7dd921c9292d) Importer(815301076,1909f56bfc062723c751e8b465ee728b)
Start importing Assets/Models/FantasyEnvironments/Environments/Ambient-Occlusion-Trees/Materials/Birch_leaves 1.mat using Guid(ffc6ec73fb923634287e7dd921c9292d) Importer(815301076,1909f56bfc062723c751e8b465ee728b)  -> (artifact id: '743c8d93f85002842246bfe8d38311ae') in 0.021126 seconds 
  Import took 0.029176 seconds .

========================================================================
Received Import Request.
  Time since last request: 0.000296 seconds.
  path: Assets/Invector-3rdPersonController_LITE/3D Models/Others/basicSky.mat
  artifactKey: Guid(5c82f5860bd4ab14f9ee7842f7f7e6e2) Importer(815301076,1909f56bfc062723c751e8b465ee728b)
Start importing Assets/Invector-3rdPersonController_LITE/3D Models/Others/basicSky.mat using Guid(5c82f5860bd4ab14f9ee7842f7f7e6e2) Importer(815301076,1909f56bfc062723c751e8b465ee728b)  -> (artifact id: '2eeaa85de35f03beb62fca101d65fd5c') in 0.102227 seconds 
  Import took 0.105844 seconds .

========================================================================
Received Import Request.
  Time since last request: 0.000319 seconds.
  path: Assets/Models/FantasyEnvironments/Environments/Ambient-Occlusion-Trees/Prefabs/Birch_tree2.prefab
  artifactKey: Guid(d0fef57aa8c0772448a3a57390d3c153) Importer(815301076,1909f56bfc062723c751e8b465ee728b)
Start importing Assets/Models/FantasyEnvironments/Environments/Ambient-Occlusion-Trees/Prefabs/Birch_tree2.prefab using Guid(d0fef57aa8c0772448a3a57390d3c153) Importer(815301076,1909f56bfc062723c751e8b465ee728b)  -> (artifact id: '1acf779067529614a993094c34516be5') in 0.015526 seconds 
  Import took 0.030635 seconds .

========================================================================
Received Import Request.
  Time since last request: 0.000303 seconds.
  path: Assets/Invector-3rdPersonController_LITE/Resources/Materials/comparacao.mat
  artifactKey: Guid(04b9b14418e313f42ad7108f4d334925) Importer(815301076,1909f56bfc062723c751e8b465ee728b)
Start importing Assets/Invector-3rdPersonController_LITE/Resources/Materials/comparacao.mat using Guid(04b9b14418e313f42ad7108f4d334925) Importer(815301076,1909f56bfc062723c751e8b465ee728b)  -> (artifact id: 'e90f63229aa45278680b406ca664ee82') in 0.074952 seconds 
  Import took 0.102450 seconds .

========================================================================
Received Import Request.
  Time since last request: 0.000358 seconds.
  path: Assets/Models/Mario Haberle Models/mashrooms/Materials/defaultMat.mat
  artifactKey: Guid(9e5deb20f198b4b2f92bcbf6d012172e) Importer(815301076,1909f56bfc062723c751e8b465ee728b)
Start importing Assets/Models/Mario Haberle Models/mashrooms/Materials/defaultMat.mat using Guid(9e5deb20f198b4b2f92bcbf6d012172e) Importer(815301076,1909f56bfc062723c751e8b465ee728b)  -> (artifact id: 'd800af7410fe104c221adb9664f7a969') in 0.052791 seconds 
  Import took 0.072574 seconds .

========================================================================
Received Prepare
Registering precompiled user dll's ...
Registered in 0.126022 seconds.
Begin MonoManager ReloadAssembly
Native extension for WindowsStandalone target not found
Refreshing native plugins compatible for Editor in 0.40 ms, found 2 plugins.
Preloading 0 native plugins for Editor in 0.00 ms.
Mono: successfully reloaded assembly
- Completed reload, in  1.725 seconds
Domain Reload Profiling:
	ReloadAssembly (1725ms)
		BeginReloadAssembly (138ms)
			ExecutionOrderSort (0ms)
			DisableScriptedObjects (3ms)
			BackupInstance (0ms)
			ReleaseScriptingObjects (0ms)
			CreateAndSetChildDomain (29ms)
		EndReloadAssembly (1530ms)
			LoadAssemblies (859ms)
			RebuildTransferFunctionScriptingTraits (0ms)
			SetupTypeCache (235ms)
			ReleaseScriptCaches (1ms)
			RebuildScriptCaches (34ms)
			SetupLoadedEditorAssemblies (327ms)
				LogAssemblyErrors (0ms)
				InitializePlatformSupportModulesInManaged (4ms)
				SetLoadedEditorAssemblies (0ms)
				RefreshPlugins (0ms)
				BeforeProcessingInitializeOnLoad (48ms)
				ProcessInitializeOnLoadAttributes (263ms)
				ProcessInitializeOnLoadMethodAttributes (3ms)
				AfterProcessingInitializeOnLoad (7ms)
				EditorAssembliesLoaded (0ms)
			ExecutionOrderSort2 (0ms)
			AwakeInstancesAfterBackupRestoration (6ms)
Platform modules already initialized, skipping
Refreshing native plugins compatible for Editor in 0.41 ms, found 2 plugins.
Preloading 0 native plugins for Editor in 0.00 ms.
Unloading 1775 Unused Serialized files (Serialized files now loaded: 0)
System memory in use before: 91.4 MB.
System memory in use after: 91.6 MB.

Unloading 14 unused Assets to reduce memory usage. Loaded Objects now: 2331.
Total: 2.814700 ms (FindLiveObjects: 0.168200 ms CreateObjectMapping: 0.048000 ms MarkObjects: 2.579200 ms  DeleteObjects: 0.018500 ms)

AssetImportParameters requested are different than current active one (requested -> active):
  custom:framework-win-MediaFoundation: 216162199b28c13a410421893ffa2e32 -> 
  custom:video-decoder-ogg-theora: a1e56fd34408186e4bbccfd4996cb3dc -> 
  custom:container-muxer-webm: aa71ff27fc2769a1b78a27578f13a17b -> 
  custom:container-demuxer-webm: 4f35f7cbe854078d1ac9338744f61a02 -> 
  custom:container-demuxer-ogg: 62fdf1f143b41e24485cea50d1cbac27 -> 
  custom:video-encoder-webm-vp8: eb34c28f22e8b96e1ab97ce403110664 -> 
  custom:video-decoder-webm-vp8: 9c59270c3fd7afecdb556c50c9e8de78 -> 
  custom:audio-decoder-ogg-vorbis: bf7c407c2cedff20999df2af8eb42d56 -> 
  custom:audio-encoder-webm-vorbis: bf7c407c2cedff20999df2af8eb42d56 -> 
========================================================================
Received Import Request.
  Time since last request: 175.079690 seconds.
  path: Assets/Materials/RusticBrickWall
  artifactKey: Guid(d8def5af158b71c4eaed067cac5e5de3) Importer(815301076,1909f56bfc062723c751e8b465ee728b)
Start importing Assets/Materials/RusticBrickWall using Guid(d8def5af158b71c4eaed067cac5e5de3) Importer(815301076,1909f56bfc062723c751e8b465ee728b)  -> (artifact id: '2175548c82c37fb88275811a445d26c3') in 0.010691 seconds 
  Import took 0.058082 seconds .

========================================================================
Received Import Request.
  Time since last request: 249.734112 seconds.
  path: Assets/Materials/Concrete
  artifactKey: Guid(10f703ceb9187cd439e7c2de17d4acf8) Importer(815301076,1909f56bfc062723c751e8b465ee728b)
Start importing Assets/Materials/Concrete using Guid(10f703ceb9187cd439e7c2de17d4acf8) Importer(815301076,1909f56bfc062723c751e8b465ee728b)  -> (artifact id: '3d80c54c216db6ffec4512077a5615ac') in 0.003192 seconds 
  Import took 0.089255 seconds .

========================================================================
Received Import Request.
  Time since last request: 15.926462 seconds.
  path: Assets/Models/Mario Haberle Models
  artifactKey: Guid(0ca62477e3322e94ca3d4a9e517a558f) Importer(815301076,1909f56bfc062723c751e8b465ee728b)
Start importing Assets/Models/Mario Haberle Models using Guid(0ca62477e3322e94ca3d4a9e517a558f) Importer(815301076,1909f56bfc062723c751e8b465ee728b)  -> (artifact id: 'b8e3372930820a31f6a37826dca87f4b') in 0.009215 seconds 
  Import took 0.090893 seconds .

========================================================================
Received Import Request.
  Time since last request: 0.301048 seconds.
  path: Assets/Models/SkythianCat
  artifactKey: Guid(339bee473c5010d4cb6ed4acc8948252) Importer(815301076,1909f56bfc062723c751e8b465ee728b)
Start importing Assets/Models/SkythianCat using Guid(339bee473c5010d4cb6ed4acc8948252) Importer(815301076,1909f56bfc062723c751e8b465ee728b)  -> (artifact id: '62fbfe47cf08f32eb39a3fbb33bbf4e2') in 0.007529 seconds 
  Import took 0.054436 seconds .

========================================================================
Received Import Request.
  Time since last request: 1.785366 seconds.
  path: Assets/Models/Lowpoly Flowers/Materials
  artifactKey: Guid(26e422681cd82fd45acf42c1aa67c302) Importer(815301076,1909f56bfc062723c751e8b465ee728b)
Start importing Assets/Models/Lowpoly Flowers/Materials using Guid(26e422681cd82fd45acf42c1aa67c302) Importer(815301076,1909f56bfc062723c751e8b465ee728b)  -> (artifact id: 'c1128f64d866e672334f65811c0da56a') in 0.039541 seconds 
  Import took 0.060184 seconds .

========================================================================
Received Import Request.
  Time since last request: 6.772004 seconds.
  path: Assets/Models/Mario Haberle Models/grass
  artifactKey: Guid(e1212f16f9b924e0190d5f740393ce96) Importer(815301076,1909f56bfc062723c751e8b465ee728b)
Start importing Assets/Models/Mario Haberle Models/grass using Guid(e1212f16f9b924e0190d5f740393ce96) Importer(815301076,1909f56bfc062723c751e8b465ee728b)  -> (artifact id: '53e37160d6baf5cfd5a7f4c6761d2945') in 0.005771 seconds 
  Import took 0.072992 seconds .

========================================================================
Received Import Request.
  Time since last request: 21.834475 seconds.
  path: Assets/Models/Mario Haberle Models/Tree
  artifactKey: Guid(22a791b2183634c958eab2c18063b1b8) Importer(815301076,1909f56bfc062723c751e8b465ee728b)
Start importing Assets/Models/Mario Haberle Models/Tree using Guid(22a791b2183634c958eab2c18063b1b8) Importer(815301076,1909f56bfc062723c751e8b465ee728b)  -> (artifact id: '9470d5101738a7e11782310bcbfb8766') in 0.006437 seconds 
  Import took 0.064281 seconds .

========================================================================
Received Import Request.
  Time since last request: 0.000338 seconds.
  path: Assets/Models/Mario Haberle Models/Tree/tree_material.mat
  artifactKey: Guid(d060122fb77e044feb2e795d6a5f18c5) Importer(815301076,1909f56bfc062723c751e8b465ee728b)
Start importing Assets/Models/Mario Haberle Models/Tree/tree_material.mat using Guid(d060122fb77e044feb2e795d6a5f18c5) Importer(815301076,1909f56bfc062723c751e8b465ee728b)  -> (artifact id: '5a84ecbeb4c4acc9490a5d4818bc7c83') in 0.078348 seconds 
  Import took 0.128170 seconds .

========================================================================
Received Prepare
Registering precompiled user dll's ...
Registered in 0.004033 seconds.
Begin MonoManager ReloadAssembly
Native extension for WindowsStandalone target not found
Refreshing native plugins compatible for Editor in 0.39 ms, found 2 plugins.
Preloading 0 native plugins for Editor in 0.00 ms.
Mono: successfully reloaded assembly
- Completed reload, in  0.945 seconds
Domain Reload Profiling:
	ReloadAssembly (946ms)
		BeginReloadAssembly (117ms)
			ExecutionOrderSort (0ms)
			DisableScriptedObjects (5ms)
			BackupInstance (0ms)
			ReleaseScriptingObjects (0ms)
			CreateAndSetChildDomain (29ms)
		EndReloadAssembly (773ms)
			LoadAssemblies (84ms)
			RebuildTransferFunctionScriptingTraits (0ms)
			SetupTypeCache (249ms)
			ReleaseScriptCaches (1ms)
			RebuildScriptCaches (37ms)
			SetupLoadedEditorAssemblies (320ms)
				LogAssemblyErrors (0ms)
				InitializePlatformSupportModulesInManaged (4ms)
				SetLoadedEditorAssemblies (0ms)
				RefreshPlugins (0ms)
				BeforeProcessingInitializeOnLoad (49ms)
				ProcessInitializeOnLoadAttributes (255ms)
				ProcessInitializeOnLoadMethodAttributes (3ms)
				AfterProcessingInitializeOnLoad (7ms)
				EditorAssembliesLoaded (0ms)
			ExecutionOrderSort2 (0ms)
			AwakeInstancesAfterBackupRestoration (6ms)
Platform modules already initialized, skipping
Refreshing native plugins compatible for Editor in 0.40 ms, found 2 plugins.
Preloading 0 native plugins for Editor in 0.00 ms.
Unloading 1775 Unused Serialized files (Serialized files now loaded: 0)
System memory in use before: 91.5 MB.
System memory in use after: 91.6 MB.

Unloading 13 unused Assets to reduce memory usage. Loaded Objects now: 2334.
Total: 2.575600 ms (FindLiveObjects: 0.143700 ms CreateObjectMapping: 0.045300 ms MarkObjects: 2.371700 ms  DeleteObjects: 0.014100 ms)

AssetImportParameters requested are different than current active one (requested -> active):
  custom:framework-win-MediaFoundation: 216162199b28c13a410421893ffa2e32 -> 
  custom:video-decoder-ogg-theora: a1e56fd34408186e4bbccfd4996cb3dc -> 
  custom:container-muxer-webm: aa71ff27fc2769a1b78a27578f13a17b -> 
  custom:container-demuxer-webm: 4f35f7cbe854078d1ac9338744f61a02 -> 
  custom:container-demuxer-ogg: 62fdf1f143b41e24485cea50d1cbac27 -> 
  custom:video-encoder-webm-vp8: eb34c28f22e8b96e1ab97ce403110664 -> 
  custom:video-decoder-webm-vp8: 9c59270c3fd7afecdb556c50c9e8de78 -> 
  custom:audio-decoder-ogg-vorbis: bf7c407c2cedff20999df2af8eb42d56 -> 
  custom:audio-encoder-webm-vorbis: bf7c407c2cedff20999df2af8eb42d56 -> 
AssetImportWorkerClient::OnTransportError - code=2 error=End of file
